<?xml version="1.0" encoding="UTF-8"?>
<!-- Generated by org.testng.reporters.JUnitReportReporter -->
<testsuite hostname="DESKTOP-8J7T5EC" failures="0" tests="1" name="com.SDET.Project.SET2" time="105.196" errors="0" timestamp="2021-02-24T12:00:47 IST" skipped="0">
  <testcase classname="com.SDET.Project.SET2" name="f" time="105.196"/>
  <system-out/>
</testsuite> <!-- com.SDET.Project.SET2 -->
