<?xml version="1.0" encoding="UTF-8"?>
<!-- Generated by org.testng.reporters.JUnitReportReporter -->
<testsuite hostname="DESKTOP-8J7T5EC" failures="0" tests="1" name="com.SDET.AppiumDay1.LoginValidation" time="75.782" errors="0" timestamp="2021-02-22T18:33:03 IST" skipped="0">
  <testcase classname="com.SDET.AppiumDay1.LoginValidation" name="f" time="75.782"/>
  <system-out/>
</testsuite> <!-- com.SDET.AppiumDay1.LoginValidation -->
