<?xml version="1.0" encoding="UTF-8"?>
<!-- Generated by org.testng.reporters.JUnitReportReporter -->
<testsuite hostname="DESKTOP-8J7T5EC" failures="0" tests="1" name="com.SDET.Appium.LoginValidation" time="55.789" errors="0" timestamp="2021-02-09T10:42:04 IST" skipped="0">
  <testcase classname="com.SDET.Appium.LoginValidation" name="f" time="55.789"/>
  <system-out/>
</testsuite> <!-- com.SDET.Appium.LoginValidation -->
